------------------------------------------------------------------------------
      name:  <unnamed>
       log:  \\Client\C$\ISF_110\Lab 5 SP500 -24 Feb 2022.log
  log type:  text
 opened on:  24 Feb 2022, 09:54:09

. 
. use https://www.stata-press.com/data/r17/sp500
(S&P 500)

. 
. *Write down the exact number of days in the first three months here: 62 *
. 
. twoway dropline change date in 1/62, yline(0)

. 
. twoway dropline change date in 185/248, yline(0)

. 
. twoway bar high low date in 1/22

. 
. 
. 
. clear all  //this command will clear the previous data set from memory

. webuse citytemp
(City Temperature Data)

. br

. graph bar tempjan tempjuly, over(region) stack

. 
. graph bar (mean) tempjuly tempjan, over(region) blabel(total)

. 
. 
. 
. 
. clear all

. webuse pop2000

. replace maletotal = -maletotal  //use this command to put male on the left
(17 real changes made)

. twoway bar maletotal agegrp, horizontal || bar femtotal agegrp, horizontal

. 
. 
. 
. **clear all
. webuse uslifeexp
no; dataset in memory has changed since last saved
r(4);

end of do-file

r(4);

. do "C:\Users\KC1558~1\AppData\Local\Temp\46\STD23d4_000000.tmp"

. // clear all
. // webuse uslifeexp
. // twoway (line le year)(scatter le year) (line le_male year) (line le_femal
> e year)
. 
end of do-file

. do "C:\Users\KC1558~1\AppData\Local\Temp\46\STD23d4_000000.tmp"

. // clear all
. // webuse uslifeexp
. // twoway (line le year)(scatter le year) (line le_male year) (line le_femal
> e year)
. 
end of do-file

. do "C:\Users\KC1558~1\AppData\Local\Temp\46\STD23d4_000000.tmp"

. clear all

. webuse pop2000

. replace maletotal = -maletotal  //use this command to put male on the left
(17 real changes made)

. twoway bar maletotal agegrp, horizontal || bar femtotal agegrp, horizontal

. 
end of do-file

. do "C:\Users\KC1558~1\AppData\Local\Temp\46\STD23d4_000000.tmp"

. clear all

. webuse uslifeexp
(U.S. life expectancy, 1900-1999)

. twoway (line le year)(scatter le year) (line le_male year) (line le_female y
> ear)

. 
end of do-file

. do "C:\Users\KC1558~1\AppData\Local\Temp\46\STD23d4_000000.tmp"

. clear all

. webuse uslifeexp
(U.S. life expectancy, 1900-1999)

. twoway (line le year)(scatter le year) (line le_bmale year) (line le_bfemale year), over sum le
> _male le_female le_w le_b if year==1900
option over not allowed
r(198);

end of do-file

r(198);

. do "C:\Users\KC1558~1\AppData\Local\Temp\46\STD23d4_000000.tmp"

. clear all

. webuse uslifeexp
(U.S. life expectancy, 1900-1999)

. twoway (line le year)(scatter le year) (line le_bmale year) (line le_bfemale year), over graph 
> bar le_male le_female in 1/1
option over not allowed
r(198);

end of do-file

r(198);

. do "C:\Users\KC1558~1\AppData\Local\Temp\46\STD23d4_000000.tmp"

. webuse uslifeexp
(U.S. life expectancy, 1900-1999)

. twoway (line le year)(scatter le year) (line le_bmale year) (line le_bfemale year)  

. sum le_male le_female le_w le_b if year==1900

    Variable |        Obs        Mean    Std. Dev.       Min        Max
-------------+---------------------------------------------------------
     le_male |          1        46.3           .       46.3       46.3
   le_female |          1        48.3           .       48.3       48.3
        le_w |          1        47.6           .       47.6       47.6
        le_b |          1          33           .         33         33

. // keep if year = 1900 & year == 1990
. 
end of do-file

. twoway (line le year)(scatter le year) (line le_bmale year) (line le_bfemale year)  

. graph save "Graph" "\\Client\C$\ISF_110\Lab 5\life expectancy b_male b_female.gph"
(file \\Client\C$\ISF_110\Lab 5\life expectancy b_male b_female.gph saved)

. graph export "\\Client\C$\ISF_110\Lab 5\life expectancy b_male b_female.jpg", as(jpg) name("Gra
> ph") quality(90)
(file \\Client\C$\ISF_110\Lab 5\life expectancy b_male b_female.jpg written in JPEG format)

. do "C:\Users\KC1558~1\AppData\Local\Temp\46\STD23d4_000000.tmp"

. clear all

. webuse uslifeexp
(U.S. life expectancy, 1900-1999)

. twoway (line le year)(scatter le year) (line le_male year) (line le_female year)

. 
end of do-file

. graph save "Graph" "\\Client\C$\ISF_110\Lab 5\life expectancy male female.gph"
(file \\Client\C$\ISF_110\Lab 5\life expectancy male female.gph saved)

. graph export "\\Client\C$\ISF_110\Lab 5\life expectancy male female.jpg", as(jpg) name("Graph")
>  quality(90)
(file \\Client\C$\ISF_110\Lab 5\life expectancy male female.jpg written in JPEG format)

. do "C:\Users\KC1558~1\AppData\Local\Temp\46\STD23d4_000000.tmp"

. clear all

. webuse pop2000

. replace maletotal = -maletotal  //use this command to put male on the left
(17 real changes made)

. twoway bar maletotal agegrp, horizontal || bar femtotal agegrp, horizontal

. 
end of do-file

. graph save "Graph" "\\Client\C$\ISF_110\Lab 5\Graphs\pop pyramid 2000.gph"
(file \\Client\C$\ISF_110\Lab 5\Graphs\pop pyramid 2000.gph saved)

. graph export "\\Client\C$\ISF_110\Lab 5\Graphs\pop pyramid 2000.jpg", as(jpg) name("Graph") qua
> lity(90)
(file \\Client\C$\ISF_110\Lab 5\Graphs\pop pyramid 2000.jpg written in JPEG format)

. do "C:\Users\KC1558~1\AppData\Local\Temp\46\STD23d4_000000.tmp"

. log close
      name:  <unnamed>
       log:  \\Client\C$\ISF_110\Lab 5 SP500 -24 Feb 2022.log
  log type:  text
 closed on:  24 Feb 2022, 10:17:36
-------------------------------------------------------------------------------------------------
